# JRE version: OpenJDK Runtime Environment (21.0.6) (build 21.0.6+-13391695-b895.109)
# Java VM: OpenJDK 64-Bit Server VM (21.0.6+-13391695-b895.109, mixed mode, tiered, compressed oops, compressed class ptrs, g1 gc, windows-amd64)
GC Precious Log:
 CardTable entry size: 512
 Card Set container configuration: InlinePtr #cards 4 size 8 Array Of Cards #cards 16 size 48 Howl #buckets 8 coarsen threshold 3686 Howl Bitmap #cards 512 size 80 coarsen threshold 460 Card regions per heap region 1 cards per card region 4096
 CPUs: 16 total, 16 available
 Memory: 15788M
 Large Page Support: Disabled
 NUMA Support: Disabled
 Compressed Oops: Enabled (Zero based)
 Heap Region Size: 2M
 Heap Min Capacity: 8M
 Heap Initial Capacity: 248M
 Heap Max Capacity: 3948M
 Pre-touch: Disabled
 Parallel Workers: 13
 Concurrent Workers: 3
 Concurrent Refinement Workers: 13
 Periodic GC: Disabled
Heap:
 garbage-first heap   total 112640K, used 63665K [0x0000000709400000, 0x0000000800000000)
  region size 2048K, 6 young (12288K), 2 survivors (4096K)
 Metaspace       used 76565K, committed 77440K, reserved 1179648K
  class space    used 9105K, committed 9536K, reserved 1048576K
GC Heap History (20 events):
Event: 3.284 GC heap before
{Heap before GC invocations=10 (full 0):
 garbage-first heap   total 67584K, used 56767K [0x0000000709400000, 0x0000000800000000)
  region size 2048K, 19 young (38912K), 3 survivors (6144K)
 Metaspace       used 50773K, committed 51520K, reserved 1114112K
  class space    used 5994K, committed 6336K, reserved 1048576K
}
Event: 3.296 GC heap after
{Heap after GC invocations=11 (full 0):
 garbage-first heap   total 67584K, used 27950K [0x0000000709400000, 0x0000000800000000)
  region size 2048K, 2 young (4096K), 2 survivors (4096K)
 Metaspace       used 50773K, committed 51520K, reserved 1114112K
  class space    used 5994K, committed 6336K, reserved 1048576K
}
Event: 3.813 GC heap before
{Heap before GC invocations=11 (full 0):
 garbage-first heap   total 67584K, used 54574K [0x0000000709400000, 0x0000000800000000)
  region size 2048K, 16 young (32768K), 2 survivors (4096K)
 Metaspace       used 58065K, committed 58816K, reserved 1114112K
  class space    used 6914K, committed 7296K, reserved 1048576K
}
Event: 3.820 GC heap after
{Heap after GC invocations=12 (full 0):
 garbage-first heap   total 67584K, used 31619K [0x0000000709400000, 0x0000000800000000)
  region size 2048K, 2 young (4096K), 2 survivors (4096K)
 Metaspace       used 58065K, committed 58816K, reserved 1114112K
  class space    used 6914K, committed 7296K, reserved 1048576K
}
Event: 3.947 GC heap before
{Heap before GC invocations=12 (full 0):
 garbage-first heap   total 67584K, used 56195K [0x0000000709400000, 0x0000000800000000)
  region size 2048K, 14 young (28672K), 2 survivors (4096K)
 Metaspace       used 58507K, committed 59328K, reserved 1114112K
  class space    used 6929K, committed 7296K, reserved 1048576K
}
Event: 3.953 GC heap after
{Heap after GC invocations=13 (full 0):
 garbage-first heap   total 67584K, used 34076K [0x0000000709400000, 0x0000000800000000)
  region size 2048K, 2 young (4096K), 2 survivors (4096K)
 Metaspace       used 58507K, committed 59328K, reserved 1114112K
  class space    used 6929K, committed 7296K, reserved 1048576K
}
Event: 4.237 GC heap before
{Heap before GC invocations=13 (full 0):
 garbage-first heap   total 67584K, used 50460K [0x0000000709400000, 0x0000000800000000)
  region size 2048K, 11 young (22528K), 2 survivors (4096K)
 Metaspace       used 59582K, committed 60288K, reserved 1114112K
  class space    used 6965K, committed 7296K, reserved 1048576K
}
Event: 4.242 GC heap after
{Heap after GC invocations=14 (full 0):
 garbage-first heap   total 81920K, used 36113K [0x0000000709400000, 0x0000000800000000)
  region size 2048K, 2 young (4096K), 2 survivors (4096K)
 Metaspace       used 59582K, committed 60288K, reserved 1114112K
  class space    used 6965K, committed 7296K, reserved 1048576K
}
Event: 4.725 GC heap before
{Heap before GC invocations=15 (full 0):
 garbage-first heap   total 81920K, used 68881K [0x0000000709400000, 0x0000000800000000)
  region size 2048K, 18 young (36864K), 2 survivors (4096K)
 Metaspace       used 62053K, committed 62848K, reserved 1114112K
  class space    used 7244K, committed 7616K, reserved 1048576K
}
Event: 4.736 GC heap after
{Heap after GC invocations=16 (full 0):
 garbage-first heap   total 81920K, used 41847K [0x0000000709400000, 0x0000000800000000)
  region size 2048K, 3 young (6144K), 3 survivors (6144K)
 Metaspace       used 62053K, committed 62848K, reserved 1114112K
  class space    used 7244K, committed 7616K, reserved 1048576K
}
Event: 5.065 GC heap before
{Heap before GC invocations=16 (full 0):
 garbage-first heap   total 81920K, used 68471K [0x0000000709400000, 0x0000000800000000)
  region size 2048K, 16 young (32768K), 3 survivors (6144K)
 Metaspace       used 63898K, committed 64704K, reserved 1114112K
  class space    used 7431K, committed 7808K, reserved 1048576K
}
Event: 5.082 GC heap after
{Heap after GC invocations=17 (full 0):
 garbage-first heap   total 81920K, used 47104K [0x0000000709400000, 0x0000000800000000)
  region size 2048K, 2 young (4096K), 2 survivors (4096K)
 Metaspace       used 63898K, committed 64704K, reserved 1114112K
  class space    used 7431K, committed 7808K, reserved 1048576K
}
Event: 5.318 GC heap before
{Heap before GC invocations=17 (full 0):
 garbage-first heap   total 81920K, used 69632K [0x0000000709400000, 0x0000000800000000)
  region size 2048K, 13 young (26624K), 2 survivors (4096K)
 Metaspace       used 65450K, committed 66304K, reserved 1114112K
  class space    used 7604K, committed 8000K, reserved 1048576K
}
Event: 5.326 GC heap after
{Heap after GC invocations=18 (full 0):
 garbage-first heap   total 81920K, used 50317K [0x0000000709400000, 0x0000000800000000)
  region size 2048K, 2 young (4096K), 2 survivors (4096K)
 Metaspace       used 65450K, committed 66304K, reserved 1114112K
  class space    used 7604K, committed 8000K, reserved 1048576K
}
Event: 5.621 GC heap before
{Heap before GC invocations=19 (full 0):
 garbage-first heap   total 90112K, used 68749K [0x0000000709400000, 0x0000000800000000)
  region size 2048K, 11 young (22528K), 2 survivors (4096K)
 Metaspace       used 68548K, committed 69376K, reserved 1114112K
  class space    used 8029K, committed 8448K, reserved 1048576K
}
Event: 5.626 GC heap after
{Heap after GC invocations=20 (full 0):
 garbage-first heap   total 90112K, used 52251K [0x0000000709400000, 0x0000000800000000)
  region size 2048K, 1 young (2048K), 1 survivors (2048K)
 Metaspace       used 68548K, committed 69376K, reserved 1114112K
  class space    used 8029K, committed 8448K, reserved 1048576K
}
Event: 5.955 GC heap before
{Heap before GC invocations=20 (full 0):
 garbage-first heap   total 90112K, used 76827K [0x0000000709400000, 0x0000000800000000)
  region size 2048K, 13 young (26624K), 1 survivors (2048K)
 Metaspace       used 70670K, committed 71552K, reserved 1114112K
  class space    used 8283K, committed 8704K, reserved 1048576K
}
Event: 5.962 GC heap after
{Heap after GC invocations=21 (full 0):
 garbage-first heap   total 90112K, used 53705K [0x0000000709400000, 0x0000000800000000)
  region size 2048K, 2 young (4096K), 2 survivors (4096K)
 Metaspace       used 70670K, committed 71552K, reserved 1114112K
  class space    used 8283K, committed 8704K, reserved 1048576K
}
Event: 6.309 GC heap before
{Heap before GC invocations=21 (full 0):
 garbage-first heap   total 90112K, used 76233K [0x0000000709400000, 0x0000000800000000)
  region size 2048K, 14 young (28672K), 2 survivors (4096K)
 Metaspace       used 75008K, committed 75904K, reserved 1179648K
  class space    used 8825K, committed 9280K, reserved 1048576K
}
Event: 6.314 GC heap after
{Heap after GC invocations=22 (full 0):
 garbage-first heap   total 112640K, used 57521K [0x0000000709400000, 0x0000000800000000)
  region size 2048K, 2 young (4096K), 2 survivors (4096K)
 Metaspace       used 75008K, committed 75904K, reserved 1179648K
  class space    used 8825K, committed 9280K, reserved 1048576K
}

